[2025-05-02 16:48:05] [INFO] Database initialized successfully
[2025-05-02 16:48:05] [INFO] Admin authentication system initialized
[2025-05-02 16:48:09] [INFO] Database initialized successfully
[2025-05-02 16:48:09] [INFO] Admin authentication system initialized
[2025-05-02 16:48:38] [INFO] Database initialized successfully
[2025-05-02 16:48:38] [INFO] Admin authentication system initialized
[2025-05-02 16:49:43] [INFO] Logging system initialized
[2025-05-02 16:49:43] [INFO] ATM application starting
[2025-05-02 16:49:43] [INFO] ATM system initializing
[2025-05-02 16:50:22] [INFO] Netbanking service accessed
[2025-05-02 16:51:35] [INFO] Logging system initialized
[2025-05-02 16:51:35] [INFO] ATM application starting
[2025-05-02 16:51:35] [INFO] ATM system initializing
[2025-05-02 23:44:55] [INFO] Logging system initialized
[2025-05-02 23:44:55] [INFO] ATM application starting
[2025-05-02 23:44:55] [INFO] ATM system initializing
[2025-05-02 23:45:44] [INFO] Receipt generated
[2025-05-02 23:46:06] [INFO] Receipt generated
[2025-05-02 23:48:17] [INFO] Logging system initialized
[2025-05-02 23:48:17] [INFO] ATM application starting
[2025-05-02 23:48:17] [INFO] ATM system initializing
[2025-05-02 23:48:25] [INFO] Receipt generated
[2025-05-02 23:48:36] [INFO] Receipt generated
[2025-05-02 23:48:54] [INFO] Receipt generated
[2025-05-02 23:48:59] [INFO] Receipt generated
[2025-05-02 23:49:22] [INFO] Receipt generated
[2025-05-03 01:57:05] [INFO] Logging system initialized
[2025-05-03 01:57:05] [INFO] ATM application starting
[2025-05-03 01:57:05] [INFO] ATM system initializing
[2025-05-03 01:57:18] [INFO] Receipt generated
