[19-04-2025 03:45:37] Admin logged in
[19-04-2025 03:45:50] Account created successfully
[19-04-2025 03:45:50] Created a new account
[19-04-2025 03:46:15] Account created successfully
[19-04-2025 03:46:15] Created a new account
[19-04-2025 03:46:32] Account created successfully
[19-04-2025 03:46:32] Created a new account
[19-04-2025 03:46:45] Admin logged out
[21-04-2025 00:51:13] Admin logged in
[21-04-2025 00:51:17] ATM service mode set to out of service
[21-04-2025 00:51:23] ATM service mode set to operational
[21-04-2025 00:51:27] Admin logged out
[21-04-2025 00:57:14] Admin logged in
[21-04-2025 00:57:28] ATM service mode set to out of service
[21-04-2025 00:57:31] ATM service mode set to operational
[21-04-2025 00:57:33] Admin logged out
[21-04-2025 13:37:04] Failed admin login attempt
[21-04-2025 13:37:31] Failed admin login attempt
[21-04-2025 13:37:56] Admin logged in
[21-04-2025 13:39:01] Account created successfully
[21-04-2025 13:39:01] Created a new account
[21-04-2025 13:40:14] Admin logged out
[21-04-2025 13:42:53] Admin logged in
[21-04-2025 13:43:00] ATM service mode set to out of service
[21-04-2025 13:43:01] ATM service mode set to operational
